{"/Users/renatomatos/dev/itsm-keyron/backend/src/app.js": {"path":"/Users/renatomatos/dev/itsm-keyron/backend/src/app.js","statementMap":{"0":{"start":{"line":1,"column":15},"end":{"line":1,"column":32}},"1":{"start":{"line":2,"column":0},"end":{"line":2,"column":16}},"2":{"start":{"line":3,"column":16},"end":{"line":3,"column":34}},"3":{"start":{"line":4,"column":13},"end":{"line":4,"column":28}},"4":{"start":{"line":5,"column":12},"end":{"line":5,"column":21}},"5":{"start":{"line":8,"column":0},"end":{"line":13,"column":4}},"6":{"start":{"line":15,"column":0},"end":{"line":15,"column":24}},"7":{"start":{"line":18,"column":0},"end":{"line":20,"column":3}},"8":{"start":{"line":19,"column":2},"end":{"line":19,"column":36}},"9":{"start":{"line":22,"column":19},"end":{"line":22,"column":43}},"10":{"start":{"line":24,"column":0},"end":{"line":24,"column":30}},"11":{"start":{"line":26,"column":19},"end":{"line":26,"column":43}},"12":{"start":{"line":28,"column":0},"end":{"line":28,"column":29}},"13":{"start":{"line":31,"column":22},"end":{"line":31,"column":49}},"14":{"start":{"line":32,"column":0},"end":{"line":32,"column":36}},"15":{"start":{"line":34,"column":0},"end":{"line":34,"column":21}}},"fnMap":{"0":{"name":"(anonymous_0)","decl":{"start":{"line":18,"column":13},"end":{"line":18,"column":14}},"loc":{"start":{"line":18,"column":27},"end":{"line":20,"column":1}},"line":18}},"branchMap":{},"s":{"0":2,"1":2,"2":2,"3":2,"4":2,"5":2,"6":2,"7":2,"8":0,"9":2,"10":2,"11":2,"12":2,"13":2,"14":2,"15":2},"f":{"0":0},"b":{},"_coverageSchema":"1a1c01bbd47fc00a2c39e90264f33305004495a9","hash":"12378fd9f41d28b080df1b02eafe9c37a94394ac"}
,"/Users/renatomatos/dev/itsm-keyron/backend/src/server.js": {"path":"/Users/renatomatos/dev/itsm-keyron/backend/src/server.js","statementMap":{"0":{"start":{"line":1,"column":12},"end":{"line":1,"column":28}},"1":{"start":{"line":2,"column":15},"end":{"line":2,"column":32}},"2":{"start":{"line":4,"column":0},"end":{"line":4,"column":16}},"3":{"start":{"line":6,"column":13},"end":{"line":6,"column":37}},"4":{"start":{"line":7,"column":0},"end":{"line":9,"column":3}},"5":{"start":{"line":8,"column":2},"end":{"line":8,"column":62}}},"fnMap":{"0":{"name":"(anonymous_0)","decl":{"start":{"line":7,"column":17},"end":{"line":7,"column":18}},"loc":{"start":{"line":7,"column":23},"end":{"line":9,"column":1}},"line":7}},"branchMap":{"0":{"loc":{"start":{"line":6,"column":13},"end":{"line":6,"column":37}},"type":"binary-expr","locations":[{"start":{"line":6,"column":13},"end":{"line":6,"column":29}},{"start":{"line":6,"column":33},"end":{"line":6,"column":37}}],"line":6}},"s":{"0":0,"1":0,"2":0,"3":0,"4":0,"5":0},"f":{"0":0},"b":{"0":[0,0]}}
,"/Users/renatomatos/dev/itsm-keyron/backend/src/middlewares/authMiddleware.js": {"path":"/Users/renatomatos/dev/itsm-keyron/backend/src/middlewares/authMiddleware.js","statementMap":{"0":{"start":{"line":1,"column":10},"end":{"line":1,"column":33}},"1":{"start":{"line":2,"column":17},"end":{"line":2,"column":39}},"2":{"start":{"line":4,"column":0},"end":{"line":17,"column":2}},"3":{"start":{"line":5,"column":16},"end":{"line":5,"column":44}},"4":{"start":{"line":6,"column":4},"end":{"line":8,"column":5}},"5":{"start":{"line":7,"column":8},"end":{"line":7,"column":69}},"6":{"start":{"line":10,"column":4},"end":{"line":16,"column":5}},"7":{"start":{"line":11,"column":22},"end":{"line":11,"column":50}},"8":{"start":{"line":12,"column":8},"end":{"line":12,"column":25}},"9":{"start":{"line":13,"column":8},"end":{"line":13,"column":15}},"10":{"start":{"line":15,"column":8},"end":{"line":15,"column":63}}},"fnMap":{"0":{"name":"(anonymous_0)","decl":{"start":{"line":4,"column":15},"end":{"line":4,"column":16}},"loc":{"start":{"line":4,"column":31},"end":{"line":17,"column":1}},"line":4}},"branchMap":{"0":{"loc":{"start":{"line":6,"column":4},"end":{"line":8,"column":5}},"type":"if","locations":[{"start":{"line":6,"column":4},"end":{"line":8,"column":5}},{"start":{},"end":{}}],"line":6}},"s":{"0":2,"1":2,"2":2,"3":15,"4":15,"5":4,"6":11,"7":11,"8":10,"9":10,"10":1},"f":{"0":15},"b":{"0":[4,11]},"_coverageSchema":"1a1c01bbd47fc00a2c39e90264f33305004495a9","hash":"e974d0f492cb1586e81c65448de82ca4baa0227e"}
,"/Users/renatomatos/dev/itsm-keyron/backend/src/migrations/20260126135109-create-user.js": {"path":"/Users/renatomatos/dev/itsm-keyron/backend/src/migrations/20260126135109-create-user.js","statementMap":{"0":{"start":{"line":3,"column":0},"end":{"line":35,"column":2}},"1":{"start":{"line":5,"column":4},"end":{"line":30,"column":7}},"2":{"start":{"line":33,"column":4},"end":{"line":33,"column":44}}},"fnMap":{"0":{"name":"(anonymous_0)","decl":{"start":{"line":4,"column":2},"end":{"line":4,"column":3}},"loc":{"start":{"line":4,"column":38},"end":{"line":31,"column":3}},"line":4},"1":{"name":"(anonymous_1)","decl":{"start":{"line":32,"column":2},"end":{"line":32,"column":3}},"loc":{"start":{"line":32,"column":40},"end":{"line":34,"column":3}},"line":32}},"branchMap":{},"s":{"0":0,"1":0,"2":0},"f":{"0":0,"1":0},"b":{}}
,"/Users/renatomatos/dev/itsm-keyron/backend/src/migrations/20260127135917-create-service.js": {"path":"/Users/renatomatos/dev/itsm-keyron/backend/src/migrations/20260127135917-create-service.js","statementMap":{"0":{"start":{"line":3,"column":0},"end":{"line":51,"column":2}},"1":{"start":{"line":5,"column":4},"end":{"line":45,"column":7}},"2":{"start":{"line":49,"column":4},"end":{"line":49,"column":47}}},"fnMap":{"0":{"name":"(anonymous_0)","decl":{"start":{"line":4,"column":2},"end":{"line":4,"column":3}},"loc":{"start":{"line":4,"column":38},"end":{"line":46,"column":3}},"line":4},"1":{"name":"(anonymous_1)","decl":{"start":{"line":48,"column":2},"end":{"line":48,"column":3}},"loc":{"start":{"line":48,"column":40},"end":{"line":50,"column":3}},"line":48}},"branchMap":{},"s":{"0":0,"1":0,"2":0},"f":{"0":0,"1":0},"b":{}}
,"/Users/renatomatos/dev/itsm-keyron/backend/src/models/index.js": {"path":"/Users/renatomatos/dev/itsm-keyron/backend/src/models/index.js","statementMap":{"0":{"start":{"line":3,"column":11},"end":{"line":3,"column":24}},"1":{"start":{"line":4,"column":13},"end":{"line":4,"column":28}},"2":{"start":{"line":5,"column":18},"end":{"line":5,"column":38}},"3":{"start":{"line":6,"column":16},"end":{"line":6,"column":34}},"4":{"start":{"line":7,"column":17},"end":{"line":7,"column":42}},"5":{"start":{"line":8,"column":12},"end":{"line":8,"column":49}},"6":{"start":{"line":9,"column":15},"end":{"line":9,"column":65}},"7":{"start":{"line":10,"column":11},"end":{"line":10,"column":13}},"8":{"start":{"line":13,"column":0},"end":{"line":17,"column":1}},"9":{"start":{"line":14,"column":2},"end":{"line":14,"column":74}},"10":{"start":{"line":16,"column":2},"end":{"line":16,"column":87}},"11":{"start":{"line":19,"column":0},"end":{"line":32,"column":5}},"12":{"start":{"line":22,"column":4},"end":{"line":27,"column":6}},"13":{"start":{"line":30,"column":18},"end":{"line":30,"column":85}},"14":{"start":{"line":31,"column":4},"end":{"line":31,"column":27}},"15":{"start":{"line":34,"column":0},"end":{"line":38,"column":3}},"16":{"start":{"line":35,"column":2},"end":{"line":37,"column":3}},"17":{"start":{"line":36,"column":4},"end":{"line":36,"column":32}},"18":{"start":{"line":40,"column":0},"end":{"line":40,"column":25}},"19":{"start":{"line":41,"column":0},"end":{"line":41,"column":25}},"20":{"start":{"line":43,"column":0},"end":{"line":43,"column":20}}},"fnMap":{"0":{"name":"(anonymous_0)","decl":{"start":{"line":21,"column":10},"end":{"line":21,"column":11}},"loc":{"start":{"line":21,"column":18},"end":{"line":28,"column":3}},"line":21},"1":{"name":"(anonymous_1)","decl":{"start":{"line":29,"column":11},"end":{"line":29,"column":12}},"loc":{"start":{"line":29,"column":19},"end":{"line":32,"column":3}},"line":29},"2":{"name":"(anonymous_2)","decl":{"start":{"line":34,"column":24},"end":{"line":34,"column":25}},"loc":{"start":{"line":34,"column":37},"end":{"line":38,"column":1}},"line":34}},"branchMap":{"0":{"loc":{"start":{"line":8,"column":12},"end":{"line":8,"column":49}},"type":"binary-expr","locations":[{"start":{"line":8,"column":12},"end":{"line":8,"column":32}},{"start":{"line":8,"column":36},"end":{"line":8,"column":49}}],"line":8},"1":{"loc":{"start":{"line":13,"column":0},"end":{"line":17,"column":1}},"type":"if","locations":[{"start":{"line":13,"column":0},"end":{"line":17,"column":1}},{"start":{"line":15,"column":7},"end":{"line":17,"column":1}}],"line":13},"2":{"loc":{"start":{"line":23,"column":6},"end":{"line":26,"column":37}},"type":"binary-expr","locations":[{"start":{"line":23,"column":6},"end":{"line":23,"column":29}},{"start":{"line":24,"column":6},"end":{"line":24,"column":23}},{"start":{"line":25,"column":6},"end":{"line":25,"column":30}},{"start":{"line":26,"column":6},"end":{"line":26,"column":37}}],"line":23},"3":{"loc":{"start":{"line":35,"column":2},"end":{"line":37,"column":3}},"type":"if","locations":[{"start":{"line":35,"column":2},"end":{"line":37,"column":3}},{"start":{},"end":{}}],"line":35}},"s":{"0":0,"1":0,"2":0,"3":0,"4":0,"5":0,"6":0,"7":0,"8":0,"9":0,"10":0,"11":0,"12":0,"13":0,"14":0,"15":0,"16":0,"17":0,"18":0,"19":0,"20":0},"f":{"0":0,"1":0,"2":0},"b":{"0":[0,0],"1":[0,0],"2":[0,0,0,0],"3":[0,0]}}
,"/Users/renatomatos/dev/itsm-keyron/backend/src/models/service.js": {"path":"/Users/renatomatos/dev/itsm-keyron/backend/src/models/service.js","statementMap":{"0":{"start":{"line":2,"column":18},"end":{"line":2,"column":38}},"1":{"start":{"line":4,"column":0},"end":{"line":70,"column":2}},"2":{"start":{"line":12,"column":2},"end":{"line":67,"column":4}},"3":{"start":{"line":69,"column":2},"end":{"line":69,"column":17}}},"fnMap":{"0":{"name":"(anonymous_0)","decl":{"start":{"line":4,"column":17},"end":{"line":4,"column":18}},"loc":{"start":{"line":4,"column":43},"end":{"line":70,"column":1}},"line":4},"1":{"name":"(anonymous_1)","decl":{"start":{"line":6,"column":4},"end":{"line":6,"column":5}},"loc":{"start":{"line":6,"column":29},"end":{"line":9,"column":5}},"line":6}},"branchMap":{},"s":{"0":0,"1":0,"2":0,"3":0},"f":{"0":0,"1":0},"b":{}}
,"/Users/renatomatos/dev/itsm-keyron/backend/src/models/user.js": {"path":"/Users/renatomatos/dev/itsm-keyron/backend/src/models/user.js","statementMap":{"0":{"start":{"line":2,"column":18},"end":{"line":2,"column":38}},"1":{"start":{"line":3,"column":15},"end":{"line":3,"column":34}},"2":{"start":{"line":5,"column":0},"end":{"line":48,"column":2}},"3":{"start":{"line":11,"column":2},"end":{"line":46,"column":4}},"4":{"start":{"line":35,"column":23},"end":{"line":35,"column":47}},"5":{"start":{"line":36,"column":10},"end":{"line":36,"column":65}},"6":{"start":{"line":39,"column":10},"end":{"line":42,"column":11}},"7":{"start":{"line":40,"column":25},"end":{"line":40,"column":49}},"8":{"start":{"line":41,"column":12},"end":{"line":41,"column":67}},"9":{"start":{"line":47,"column":2},"end":{"line":47,"column":14}}},"fnMap":{"0":{"name":"(anonymous_0)","decl":{"start":{"line":5,"column":17},"end":{"line":5,"column":18}},"loc":{"start":{"line":5,"column":43},"end":{"line":48,"column":1}},"line":5},"1":{"name":"(anonymous_1)","decl":{"start":{"line":7,"column":4},"end":{"line":7,"column":5}},"loc":{"start":{"line":7,"column":29},"end":{"line":9,"column":5}},"line":7},"2":{"name":"(anonymous_2)","decl":{"start":{"line":34,"column":22},"end":{"line":34,"column":23}},"loc":{"start":{"line":34,"column":38},"end":{"line":37,"column":9}},"line":34},"3":{"name":"(anonymous_3)","decl":{"start":{"line":38,"column":22},"end":{"line":38,"column":23}},"loc":{"start":{"line":38,"column":38},"end":{"line":43,"column":9}},"line":38}},"branchMap":{"0":{"loc":{"start":{"line":39,"column":10},"end":{"line":42,"column":11}},"type":"if","locations":[{"start":{"line":39,"column":10},"end":{"line":42,"column":11}},{"start":{},"end":{}}],"line":39}},"s":{"0":0,"1":0,"2":0,"3":0,"4":0,"5":0,"6":0,"7":0,"8":0,"9":0},"f":{"0":0,"1":0,"2":0,"3":0},"b":{"0":[0,0]}}
,"/Users/renatomatos/dev/itsm-keyron/backend/src/routes/auth.js": {"path":"/Users/renatomatos/dev/itsm-keyron/backend/src/routes/auth.js","statementMap":{"0":{"start":{"line":1,"column":16},"end":{"line":1,"column":34}},"1":{"start":{"line":2,"column":12},"end":{"line":2,"column":35}},"2":{"start":{"line":3,"column":17},"end":{"line":3,"column":37}},"3":{"start":{"line":4,"column":15},"end":{"line":4,"column":31}},"4":{"start":{"line":5,"column":15},"end":{"line":5,"column":34}},"5":{"start":{"line":7,"column":17},"end":{"line":7,"column":39}},"6":{"start":{"line":8,"column":21},"end":{"line":8,"column":47}},"7":{"start":{"line":10,"column":0},"end":{"line":31,"column":3}},"8":{"start":{"line":11,"column":32},"end":{"line":11,"column":40}},"9":{"start":{"line":13,"column":4},"end":{"line":30,"column":5}},"10":{"start":{"line":14,"column":21},"end":{"line":14,"column":61}},"11":{"start":{"line":15,"column":8},"end":{"line":17,"column":9}},"12":{"start":{"line":16,"column":12},"end":{"line":16,"column":78}},"13":{"start":{"line":18,"column":32},"end":{"line":18,"column":77}},"14":{"start":{"line":19,"column":8},"end":{"line":21,"column":9}},"15":{"start":{"line":20,"column":12},"end":{"line":20,"column":70}},"16":{"start":{"line":24,"column":8},"end":{"line":24,"column":69}},"17":{"start":{"line":25,"column":22},"end":{"line":25,"column":108}},"18":{"start":{"line":26,"column":8},"end":{"line":26,"column":79}},"19":{"start":{"line":28,"column":8},"end":{"line":28,"column":29}},"20":{"start":{"line":29,"column":8},"end":{"line":29,"column":67}},"21":{"start":{"line":33,"column":0},"end":{"line":33,"column":24}}},"fnMap":{"0":{"name":"(anonymous_0)","decl":{"start":{"line":10,"column":23},"end":{"line":10,"column":24}},"loc":{"start":{"line":10,"column":43},"end":{"line":31,"column":1}},"line":10}},"branchMap":{"0":{"loc":{"start":{"line":15,"column":8},"end":{"line":17,"column":9}},"type":"if","locations":[{"start":{"line":15,"column":8},"end":{"line":17,"column":9}},{"start":{},"end":{}}],"line":15},"1":{"loc":{"start":{"line":19,"column":8},"end":{"line":21,"column":9}},"type":"if","locations":[{"start":{"line":19,"column":8},"end":{"line":21,"column":9}},{"start":{},"end":{}}],"line":19}},"s":{"0":2,"1":2,"2":2,"3":2,"4":2,"5":2,"6":2,"7":2,"8":0,"9":0,"10":0,"11":0,"12":0,"13":0,"14":0,"15":0,"16":0,"17":0,"18":0,"19":0,"20":0,"21":2},"f":{"0":0},"b":{"0":[0,0],"1":[0,0]},"_coverageSchema":"1a1c01bbd47fc00a2c39e90264f33305004495a9","hash":"2b2889b0ec51271c6b10764bca2fc5d62c974ffd"}
,"/Users/renatomatos/dev/itsm-keyron/backend/src/routes/service.js": {"path":"/Users/renatomatos/dev/itsm-keyron/backend/src/routes/service.js","statementMap":{"0":{"start":{"line":1,"column":16},"end":{"line":1,"column":34}},"1":{"start":{"line":2,"column":20},"end":{"line":2,"column":40}},"2":{"start":{"line":3,"column":23},"end":{"line":3,"column":63}},"3":{"start":{"line":4,"column":15},"end":{"line":4,"column":31}},"4":{"start":{"line":7,"column":0},"end":{"line":32,"column":3}},"5":{"start":{"line":8,"column":2},"end":{"line":31,"column":3}},"6":{"start":{"line":9,"column":59},"end":{"line":9,"column":67}},"7":{"start":{"line":11,"column":20},"end":{"line":17,"column":6}},"8":{"start":{"line":19,"column":4},"end":{"line":22,"column":7}},"9":{"start":{"line":24,"column":4},"end":{"line":29,"column":5}},"10":{"start":{"line":25,"column":6},"end":{"line":28,"column":9}},"11":{"start":{"line":27,"column":41},"end":{"line":27,"column":52}},"12":{"start":{"line":30,"column":4},"end":{"line":30,"column":62}},"13":{"start":{"line":35,"column":0},"end":{"line":53,"column":3}},"14":{"start":{"line":36,"column":2},"end":{"line":52,"column":3}},"15":{"start":{"line":37,"column":33},"end":{"line":37,"column":42}},"16":{"start":{"line":40,"column":24},"end":{"line":40,"column":26}},"17":{"start":{"line":41,"column":4},"end":{"line":41,"column":50}},"18":{"start":{"line":41,"column":18},"end":{"line":41,"column":50}},"19":{"start":{"line":42,"column":4},"end":{"line":42,"column":44}},"20":{"start":{"line":42,"column":16},"end":{"line":42,"column":44}},"21":{"start":{"line":44,"column":21},"end":{"line":47,"column":6}},"22":{"start":{"line":49,"column":4},"end":{"line":49,"column":35}},"23":{"start":{"line":51,"column":4},"end":{"line":51,"column":64}},"24":{"start":{"line":56,"column":0},"end":{"line":70,"column":3}},"25":{"start":{"line":57,"column":2},"end":{"line":69,"column":3}},"26":{"start":{"line":58,"column":19},"end":{"line":58,"column":29}},"27":{"start":{"line":60,"column":20},"end":{"line":60,"column":46}},"28":{"start":{"line":62,"column":4},"end":{"line":64,"column":5}},"29":{"start":{"line":63,"column":6},"end":{"line":63,"column":72}},"30":{"start":{"line":66,"column":4},"end":{"line":66,"column":34}},"31":{"start":{"line":68,"column":4},"end":{"line":68,"column":63}},"32":{"start":{"line":73,"column":0},"end":{"line":108,"column":3}},"33":{"start":{"line":74,"column":2},"end":{"line":107,"column":3}},"34":{"start":{"line":75,"column":19},"end":{"line":75,"column":29}},"35":{"start":{"line":76,"column":59},"end":{"line":76,"column":67}},"36":{"start":{"line":79,"column":20},"end":{"line":79,"column":46}},"37":{"start":{"line":80,"column":4},"end":{"line":82,"column":5}},"38":{"start":{"line":81,"column":6},"end":{"line":81,"column":72}},"39":{"start":{"line":85,"column":23},"end":{"line":85,"column":25}},"40":{"start":{"line":86,"column":4},"end":{"line":86,"column":51}},"41":{"start":{"line":86,"column":28},"end":{"line":86,"column":51}},"42":{"start":{"line":87,"column":4},"end":{"line":87,"column":72}},"43":{"start":{"line":87,"column":35},"end":{"line":87,"column":72}},"44":{"start":{"line":88,"column":4},"end":{"line":88,"column":63}},"45":{"start":{"line":88,"column":32},"end":{"line":88,"column":63}},"46":{"start":{"line":89,"column":4},"end":{"line":89,"column":57}},"47":{"start":{"line":89,"column":30},"end":{"line":89,"column":57}},"48":{"start":{"line":90,"column":4},"end":{"line":90,"column":54}},"49":{"start":{"line":90,"column":29},"end":{"line":90,"column":54}},"50":{"start":{"line":93,"column":4},"end":{"line":93,"column":37}},"51":{"start":{"line":95,"column":4},"end":{"line":98,"column":7}},"52":{"start":{"line":100,"column":4},"end":{"line":105,"column":5}},"53":{"start":{"line":101,"column":6},"end":{"line":104,"column":9}},"54":{"start":{"line":103,"column":41},"end":{"line":103,"column":52}},"55":{"start":{"line":106,"column":4},"end":{"line":106,"column":66}},"56":{"start":{"line":111,"column":0},"end":{"line":128,"column":3}},"57":{"start":{"line":112,"column":2},"end":{"line":127,"column":3}},"58":{"start":{"line":113,"column":19},"end":{"line":113,"column":29}},"59":{"start":{"line":116,"column":20},"end":{"line":116,"column":46}},"60":{"start":{"line":117,"column":4},"end":{"line":119,"column":5}},"61":{"start":{"line":118,"column":6},"end":{"line":118,"column":72}},"62":{"start":{"line":122,"column":4},"end":{"line":122,"column":28}},"63":{"start":{"line":124,"column":4},"end":{"line":124,"column":71}},"64":{"start":{"line":126,"column":4},"end":{"line":126,"column":64}},"65":{"start":{"line":130,"column":0},"end":{"line":130,"column":24}}},"fnMap":{"0":{"name":"(anonymous_0)","decl":{"start":{"line":7,"column":33},"end":{"line":7,"column":34}},"loc":{"start":{"line":7,"column":53},"end":{"line":32,"column":1}},"line":7},"1":{"name":"(anonymous_1)","decl":{"start":{"line":27,"column":34},"end":{"line":27,"column":35}},"loc":{"start":{"line":27,"column":41},"end":{"line":27,"column":52}},"line":27},"2":{"name":"(anonymous_2)","decl":{"start":{"line":35,"column":32},"end":{"line":35,"column":33}},"loc":{"start":{"line":35,"column":52},"end":{"line":53,"column":1}},"line":35},"3":{"name":"(anonymous_3)","decl":{"start":{"line":56,"column":35},"end":{"line":56,"column":36}},"loc":{"start":{"line":56,"column":55},"end":{"line":70,"column":1}},"line":56},"4":{"name":"(anonymous_4)","decl":{"start":{"line":73,"column":35},"end":{"line":73,"column":36}},"loc":{"start":{"line":73,"column":55},"end":{"line":108,"column":1}},"line":73},"5":{"name":"(anonymous_5)","decl":{"start":{"line":103,"column":34},"end":{"line":103,"column":35}},"loc":{"start":{"line":103,"column":41},"end":{"line":103,"column":52}},"line":103},"6":{"name":"(anonymous_6)","decl":{"start":{"line":111,"column":38},"end":{"line":111,"column":39}},"loc":{"start":{"line":111,"column":58},"end":{"line":128,"column":1}},"line":111}},"branchMap":{"0":{"loc":{"start":{"line":24,"column":4},"end":{"line":29,"column":5}},"type":"if","locations":[{"start":{"line":24,"column":4},"end":{"line":29,"column":5}},{"start":{},"end":{}}],"line":24},"1":{"loc":{"start":{"line":41,"column":4},"end":{"line":41,"column":50}},"type":"if","locations":[{"start":{"line":41,"column":4},"end":{"line":41,"column":50}},{"start":{},"end":{}}],"line":41},"2":{"loc":{"start":{"line":42,"column":4},"end":{"line":42,"column":44}},"type":"if","locations":[{"start":{"line":42,"column":4},"end":{"line":42,"column":44}},{"start":{},"end":{}}],"line":42},"3":{"loc":{"start":{"line":62,"column":4},"end":{"line":64,"column":5}},"type":"if","locations":[{"start":{"line":62,"column":4},"end":{"line":64,"column":5}},{"start":{},"end":{}}],"line":62},"4":{"loc":{"start":{"line":80,"column":4},"end":{"line":82,"column":5}},"type":"if","locations":[{"start":{"line":80,"column":4},"end":{"line":82,"column":5}},{"start":{},"end":{}}],"line":80},"5":{"loc":{"start":{"line":86,"column":4},"end":{"line":86,"column":51}},"type":"if","locations":[{"start":{"line":86,"column":4},"end":{"line":86,"column":51}},{"start":{},"end":{}}],"line":86},"6":{"loc":{"start":{"line":87,"column":4},"end":{"line":87,"column":72}},"type":"if","locations":[{"start":{"line":87,"column":4},"end":{"line":87,"column":72}},{"start":{},"end":{}}],"line":87},"7":{"loc":{"start":{"line":88,"column":4},"end":{"line":88,"column":63}},"type":"if","locations":[{"start":{"line":88,"column":4},"end":{"line":88,"column":63}},{"start":{},"end":{}}],"line":88},"8":{"loc":{"start":{"line":89,"column":4},"end":{"line":89,"column":57}},"type":"if","locations":[{"start":{"line":89,"column":4},"end":{"line":89,"column":57}},{"start":{},"end":{}}],"line":89},"9":{"loc":{"start":{"line":90,"column":4},"end":{"line":90,"column":54}},"type":"if","locations":[{"start":{"line":90,"column":4},"end":{"line":90,"column":54}},{"start":{},"end":{}}],"line":90},"10":{"loc":{"start":{"line":100,"column":4},"end":{"line":105,"column":5}},"type":"if","locations":[{"start":{"line":100,"column":4},"end":{"line":105,"column":5}},{"start":{},"end":{}}],"line":100},"11":{"loc":{"start":{"line":117,"column":4},"end":{"line":119,"column":5}},"type":"if","locations":[{"start":{"line":117,"column":4},"end":{"line":119,"column":5}},{"start":{},"end":{}}],"line":117}},"s":{"0":2,"1":2,"2":2,"3":2,"4":2,"5":1,"6":1,"7":1,"8":1,"9":0,"10":0,"11":0,"12":0,"13":2,"14":1,"15":1,"16":1,"17":1,"18":0,"19":1,"20":0,"21":1,"22":1,"23":0,"24":2,"25":0,"26":0,"27":0,"28":0,"29":0,"30":0,"31":0,"32":2,"33":0,"34":0,"35":0,"36":0,"37":0,"38":0,"39":0,"40":0,"41":0,"42":0,"43":0,"44":0,"45":0,"46":0,"47":0,"48":0,"49":0,"50":0,"51":0,"52":0,"53":0,"54":0,"55":0,"56":2,"57":0,"58":0,"59":0,"60":0,"61":0,"62":0,"63":0,"64":0,"65":2},"f":{"0":1,"1":0,"2":1,"3":0,"4":0,"5":0,"6":0},"b":{"0":[0,0],"1":[0,1],"2":[0,1],"3":[0,0],"4":[0,0],"5":[0,0],"6":[0,0],"7":[0,0],"8":[0,0],"9":[0,0],"10":[0,0],"11":[0,0]},"_coverageSchema":"1a1c01bbd47fc00a2c39e90264f33305004495a9","hash":"c56ba617080380655b06d2502f54e2ea781ee661"}
,"/Users/renatomatos/dev/itsm-keyron/backend/src/routes/user.js": {"path":"/Users/renatomatos/dev/itsm-keyron/backend/src/routes/user.js","statementMap":{"0":{"start":{"line":1,"column":16},"end":{"line":1,"column":34}},"1":{"start":{"line":2,"column":17},"end":{"line":2,"column":37}},"2":{"start":{"line":3,"column":23},"end":{"line":3,"column":63}},"3":{"start":{"line":4,"column":0},"end":{"line":4,"column":35}},"4":{"start":{"line":5,"column":15},"end":{"line":5,"column":31}},"5":{"start":{"line":8,"column":0},"end":{"line":19,"column":3}},"6":{"start":{"line":9,"column":2},"end":{"line":18,"column":3}},"7":{"start":{"line":10,"column":38},"end":{"line":10,"column":46}},"8":{"start":{"line":11,"column":17},"end":{"line":11,"column":61}},"9":{"start":{"line":12,"column":4},"end":{"line":12,"column":31}},"10":{"start":{"line":14,"column":4},"end":{"line":16,"column":5}},"11":{"start":{"line":15,"column":6},"end":{"line":15,"column":82}},"12":{"start":{"line":17,"column":4},"end":{"line":17,"column":86}},"13":{"start":{"line":22,"column":0},"end":{"line":29,"column":3}},"14":{"start":{"line":23,"column":4},"end":{"line":28,"column":5}},"15":{"start":{"line":24,"column":22},"end":{"line":24,"column":42}},"16":{"start":{"line":25,"column":8},"end":{"line":25,"column":36}},"17":{"start":{"line":27,"column":8},"end":{"line":27,"column":92}},"18":{"start":{"line":32,"column":0},"end":{"line":62,"column":3}},"19":{"start":{"line":33,"column":2},"end":{"line":61,"column":3}},"20":{"start":{"line":34,"column":19},"end":{"line":34,"column":29}},"21":{"start":{"line":35,"column":38},"end":{"line":35,"column":46}},"22":{"start":{"line":38,"column":17},"end":{"line":38,"column":40}},"23":{"start":{"line":39,"column":4},"end":{"line":41,"column":5}},"24":{"start":{"line":40,"column":6},"end":{"line":40,"column":65}},"25":{"start":{"line":44,"column":23},"end":{"line":44,"column":25}},"26":{"start":{"line":45,"column":4},"end":{"line":45,"column":37}},"27":{"start":{"line":45,"column":14},"end":{"line":45,"column":37}},"28":{"start":{"line":46,"column":4},"end":{"line":46,"column":40}},"29":{"start":{"line":46,"column":15},"end":{"line":46,"column":40}},"30":{"start":{"line":47,"column":4},"end":{"line":47,"column":49}},"31":{"start":{"line":47,"column":18},"end":{"line":47,"column":49}},"32":{"start":{"line":50,"column":4},"end":{"line":50,"column":34}},"33":{"start":{"line":52,"column":4},"end":{"line":55,"column":7}},"34":{"start":{"line":57,"column":4},"end":{"line":59,"column":5}},"35":{"start":{"line":58,"column":6},"end":{"line":58,"column":82}},"36":{"start":{"line":60,"column":4},"end":{"line":60,"column":90}},"37":{"start":{"line":65,"column":0},"end":{"line":81,"column":3}},"38":{"start":{"line":66,"column":0},"end":{"line":80,"column":1}},"39":{"start":{"line":67,"column":19},"end":{"line":67,"column":29}},"40":{"start":{"line":69,"column":17},"end":{"line":71,"column":6}},"41":{"start":{"line":73,"column":4},"end":{"line":75,"column":5}},"42":{"start":{"line":74,"column":4},"end":{"line":74,"column":63}},"43":{"start":{"line":77,"column":4},"end":{"line":77,"column":31}},"44":{"start":{"line":79,"column":4},"end":{"line":79,"column":87}},"45":{"start":{"line":84,"column":0},"end":{"line":101,"column":3}},"46":{"start":{"line":85,"column":0},"end":{"line":100,"column":1}},"47":{"start":{"line":86,"column":19},"end":{"line":86,"column":29}},"48":{"start":{"line":89,"column":17},"end":{"line":89,"column":40}},"49":{"start":{"line":90,"column":4},"end":{"line":92,"column":5}},"50":{"start":{"line":91,"column":4},"end":{"line":91,"column":63}},"51":{"start":{"line":95,"column":4},"end":{"line":95,"column":25}},"52":{"start":{"line":97,"column":4},"end":{"line":97,"column":71}},"53":{"start":{"line":99,"column":4},"end":{"line":99,"column":88}},"54":{"start":{"line":104,"column":0},"end":{"line":104,"column":24}}},"fnMap":{"0":{"name":"(anonymous_0)","decl":{"start":{"line":8,"column":33},"end":{"line":8,"column":34}},"loc":{"start":{"line":8,"column":53},"end":{"line":19,"column":1}},"line":8},"1":{"name":"(anonymous_1)","decl":{"start":{"line":22,"column":32},"end":{"line":22,"column":33}},"loc":{"start":{"line":22,"column":52},"end":{"line":29,"column":1}},"line":22},"2":{"name":"(anonymous_2)","decl":{"start":{"line":32,"column":35},"end":{"line":32,"column":36}},"loc":{"start":{"line":32,"column":55},"end":{"line":62,"column":1}},"line":32},"3":{"name":"(anonymous_3)","decl":{"start":{"line":65,"column":35},"end":{"line":65,"column":36}},"loc":{"start":{"line":65,"column":55},"end":{"line":81,"column":1}},"line":65},"4":{"name":"(anonymous_4)","decl":{"start":{"line":84,"column":38},"end":{"line":84,"column":39}},"loc":{"start":{"line":84,"column":58},"end":{"line":101,"column":1}},"line":84}},"branchMap":{"0":{"loc":{"start":{"line":14,"column":4},"end":{"line":16,"column":5}},"type":"if","locations":[{"start":{"line":14,"column":4},"end":{"line":16,"column":5}},{"start":{},"end":{}}],"line":14},"1":{"loc":{"start":{"line":39,"column":4},"end":{"line":41,"column":5}},"type":"if","locations":[{"start":{"line":39,"column":4},"end":{"line":41,"column":5}},{"start":{},"end":{}}],"line":39},"2":{"loc":{"start":{"line":45,"column":4},"end":{"line":45,"column":37}},"type":"if","locations":[{"start":{"line":45,"column":4},"end":{"line":45,"column":37}},{"start":{},"end":{}}],"line":45},"3":{"loc":{"start":{"line":46,"column":4},"end":{"line":46,"column":40}},"type":"if","locations":[{"start":{"line":46,"column":4},"end":{"line":46,"column":40}},{"start":{},"end":{}}],"line":46},"4":{"loc":{"start":{"line":47,"column":4},"end":{"line":47,"column":49}},"type":"if","locations":[{"start":{"line":47,"column":4},"end":{"line":47,"column":49}},{"start":{},"end":{}}],"line":47},"5":{"loc":{"start":{"line":57,"column":4},"end":{"line":59,"column":5}},"type":"if","locations":[{"start":{"line":57,"column":4},"end":{"line":59,"column":5}},{"start":{},"end":{}}],"line":57},"6":{"loc":{"start":{"line":73,"column":4},"end":{"line":75,"column":5}},"type":"if","locations":[{"start":{"line":73,"column":4},"end":{"line":75,"column":5}},{"start":{},"end":{}}],"line":73},"7":{"loc":{"start":{"line":90,"column":4},"end":{"line":92,"column":5}},"type":"if","locations":[{"start":{"line":90,"column":4},"end":{"line":92,"column":5}},{"start":{},"end":{}}],"line":90}},"s":{"0":2,"1":2,"2":2,"3":2,"4":2,"5":2,"6":3,"7":3,"8":3,"9":1,"10":2,"11":1,"12":2,"13":2,"14":1,"15":1,"16":1,"17":0,"18":2,"19":2,"20":2,"21":2,"22":2,"23":2,"24":1,"25":2,"26":2,"27":2,"28":2,"29":0,"30":2,"31":0,"32":2,"33":1,"34":1,"35":0,"36":1,"37":2,"38":0,"39":0,"40":0,"41":0,"42":0,"43":0,"44":0,"45":2,"46":2,"47":2,"48":2,"49":2,"50":1,"51":2,"52":1,"53":1,"54":2},"f":{"0":3,"1":1,"2":2,"3":0,"4":2},"b":{"0":[1,1],"1":[1,1],"2":[2,0],"3":[0,2],"4":[0,2],"5":[0,1],"6":[0,0],"7":[1,1]},"_coverageSchema":"1a1c01bbd47fc00a2c39e90264f33305004495a9","hash":"b2c958e6d5ea48459def963b46d9f88afc383fc6"}
}
