TN:
SF:src/app.js
FN:18,(anonymous_0)
FNF:1
FNH:0
FNDA:0,(anonymous_0)
DA:1,2
DA:2,2
DA:3,2
DA:4,2
DA:5,2
DA:8,2
DA:15,2
DA:18,2
DA:19,0
DA:22,2
DA:24,2
DA:26,2
DA:28,2
DA:31,2
DA:32,2
DA:34,2
LF:16
LH:15
BRF:0
BRH:0
end_of_record
TN:
SF:src/server.js
FN:7,(anonymous_0)
FNF:1
FNH:0
FNDA:0,(anonymous_0)
DA:1,0
DA:2,0
DA:4,0
DA:6,0
DA:7,0
DA:8,0
LF:6
LH:0
BRDA:6,0,0,0
BRDA:6,0,1,0
BRF:2
BRH:0
end_of_record
TN:
SF:src/middlewares/authMiddleware.js
FN:4,(anonymous_0)
FNF:1
FNH:1
FNDA:15,(anonymous_0)
DA:1,2
DA:2,2
DA:4,2
DA:5,15
DA:6,15
DA:7,4
DA:10,11
DA:11,11
DA:12,10
DA:13,10
DA:15,1
LF:11
LH:11
BRDA:6,0,0,4
BRDA:6,0,1,11
BRF:2
BRH:2
end_of_record
TN:
SF:src/migrations/20260126135109-create-user.js
FN:4,(anonymous_0)
FN:32,(anonymous_1)
FNF:2
FNH:0
FNDA:0,(anonymous_0)
FNDA:0,(anonymous_1)
DA:3,0
DA:5,0
DA:33,0
LF:3
LH:0
BRF:0
BRH:0
end_of_record
TN:
SF:src/migrations/20260127135917-create-service.js
FN:4,(anonymous_0)
FN:48,(anonymous_1)
FNF:2
FNH:0
FNDA:0,(anonymous_0)
FNDA:0,(anonymous_1)
DA:3,0
DA:5,0
DA:49,0
LF:3
LH:0
BRF:0
BRH:0
end_of_record
TN:
SF:src/models/index.js
FN:21,(anonymous_0)
FN:29,(anonymous_1)
FN:34,(anonymous_2)
FNF:3
FNH:0
FNDA:0,(anonymous_0)
FNDA:0,(anonymous_1)
FNDA:0,(anonymous_2)
DA:3,0
DA:4,0
DA:5,0
DA:6,0
DA:7,0
DA:8,0
DA:9,0
DA:10,0
DA:13,0
DA:14,0
DA:16,0
DA:19,0
DA:22,0
DA:30,0
DA:31,0
DA:34,0
DA:35,0
DA:36,0
DA:40,0
DA:41,0
DA:43,0
LF:21
LH:0
BRDA:8,0,0,0
BRDA:8,0,1,0
BRDA:13,1,0,0
BRDA:13,1,1,0
BRDA:23,2,0,0
BRDA:23,2,1,0
BRDA:23,2,2,0
BRDA:23,2,3,0
BRDA:35,3,0,0
BRDA:35,3,1,0
BRF:10
BRH:0
end_of_record
TN:
SF:src/models/service.js
FN:4,(anonymous_0)
FN:6,(anonymous_1)
FNF:2
FNH:0
FNDA:0,(anonymous_0)
FNDA:0,(anonymous_1)
DA:2,0
DA:4,0
DA:12,0
DA:69,0
LF:4
LH:0
BRF:0
BRH:0
end_of_record
TN:
SF:src/models/user.js
FN:5,(anonymous_0)
FN:7,(anonymous_1)
FN:34,(anonymous_2)
FN:38,(anonymous_3)
FNF:4
FNH:0
FNDA:0,(anonymous_0)
FNDA:0,(anonymous_1)
FNDA:0,(anonymous_2)
FNDA:0,(anonymous_3)
DA:2,0
DA:3,0
DA:5,0
DA:11,0
DA:35,0
DA:36,0
DA:39,0
DA:40,0
DA:41,0
DA:47,0
LF:10
LH:0
BRDA:39,0,0,0
BRDA:39,0,1,0
BRF:2
BRH:0
end_of_record
TN:
SF:src/routes/auth.js
FN:10,(anonymous_0)
FNF:1
FNH:0
FNDA:0,(anonymous_0)
DA:1,2
DA:2,2
DA:3,2
DA:4,2
DA:5,2
DA:7,2
DA:8,2
DA:10,2
DA:11,0
DA:13,0
DA:14,0
DA:15,0
DA:16,0
DA:18,0
DA:19,0
DA:20,0
DA:24,0
DA:25,0
DA:26,0
DA:28,0
DA:29,0
DA:33,2
LF:22
LH:9
BRDA:15,0,0,0
BRDA:15,0,1,0
BRDA:19,1,0,0
BRDA:19,1,1,0
BRF:4
BRH:0
end_of_record
TN:
SF:src/routes/service.js
FN:7,(anonymous_0)
FN:27,(anonymous_1)
FN:35,(anonymous_2)
FN:56,(anonymous_3)
FN:73,(anonymous_4)
FN:103,(anonymous_5)
FN:111,(anonymous_6)
FNF:7
FNH:2
FNDA:1,(anonymous_0)
FNDA:0,(anonymous_1)
FNDA:1,(anonymous_2)
FNDA:0,(anonymous_3)
FNDA:0,(anonymous_4)
FNDA:0,(anonymous_5)
FNDA:0,(anonymous_6)
DA:1,2
DA:2,2
DA:3,2
DA:4,2
DA:7,2
DA:8,1
DA:9,1
DA:11,1
DA:19,1
DA:24,0
DA:25,0
DA:27,0
DA:30,0
DA:35,2
DA:36,1
DA:37,1
DA:40,1
DA:41,1
DA:42,1
DA:44,1
DA:49,1
DA:51,0
DA:56,2
DA:57,0
DA:58,0
DA:60,0
DA:62,0
DA:63,0
DA:66,0
DA:68,0
DA:73,2
DA:74,0
DA:75,0
DA:76,0
DA:79,0
DA:80,0
DA:81,0
DA:85,0
DA:86,0
DA:87,0
DA:88,0
DA:89,0
DA:90,0
DA:93,0
DA:95,0
DA:100,0
DA:101,0
DA:103,0
DA:106,0
DA:111,2
DA:112,0
DA:113,0
DA:116,0
DA:117,0
DA:118,0
DA:122,0
DA:124,0
DA:126,0
DA:130,2
LF:59
LH:21
BRDA:24,0,0,0
BRDA:24,0,1,0
BRDA:41,1,0,0
BRDA:41,1,1,1
BRDA:42,2,0,0
BRDA:42,2,1,1
BRDA:62,3,0,0
BRDA:62,3,1,0
BRDA:80,4,0,0
BRDA:80,4,1,0
BRDA:86,5,0,0
BRDA:86,5,1,0
BRDA:87,6,0,0
BRDA:87,6,1,0
BRDA:88,7,0,0
BRDA:88,7,1,0
BRDA:89,8,0,0
BRDA:89,8,1,0
BRDA:90,9,0,0
BRDA:90,9,1,0
BRDA:100,10,0,0
BRDA:100,10,1,0
BRDA:117,11,0,0
BRDA:117,11,1,0
BRF:24
BRH:2
end_of_record
TN:
SF:src/routes/user.js
FN:8,(anonymous_0)
FN:22,(anonymous_1)
FN:32,(anonymous_2)
FN:65,(anonymous_3)
FN:84,(anonymous_4)
FNF:5
FNH:4
FNDA:3,(anonymous_0)
FNDA:1,(anonymous_1)
FNDA:2,(anonymous_2)
FNDA:0,(anonymous_3)
FNDA:2,(anonymous_4)
DA:1,2
DA:2,2
DA:3,2
DA:4,2
DA:5,2
DA:8,2
DA:9,3
DA:10,3
DA:11,3
DA:12,1
DA:14,2
DA:15,1
DA:17,2
DA:22,2
DA:23,1
DA:24,1
DA:25,1
DA:27,0
DA:32,2
DA:33,2
DA:34,2
DA:35,2
DA:38,2
DA:39,2
DA:40,1
DA:44,2
DA:45,2
DA:46,2
DA:47,2
DA:50,2
DA:52,1
DA:57,1
DA:58,0
DA:60,1
DA:65,2
DA:66,0
DA:67,0
DA:69,0
DA:73,0
DA:74,0
DA:77,0
DA:79,0
DA:84,2
DA:85,2
DA:86,2
DA:89,2
DA:90,2
DA:91,1
DA:95,2
DA:97,1
DA:99,1
DA:104,2
LF:52
LH:43
BRDA:14,0,0,1
BRDA:14,0,1,1
BRDA:39,1,0,1
BRDA:39,1,1,1
BRDA:45,2,0,2
BRDA:45,2,1,0
BRDA:46,3,0,0
BRDA:46,3,1,2
BRDA:47,4,0,0
BRDA:47,4,1,2
BRDA:57,5,0,0
BRDA:57,5,1,1
BRDA:73,6,0,0
BRDA:73,6,1,0
BRDA:90,7,0,1
BRDA:90,7,1,1
BRF:16
BRH:10
end_of_record
